0 info it worked if it ends with ok
1 verbose cli [ '/Users/mromano/.nvm/versions/node/v4.4.3/bin/node',
1 verbose cli   '/Users/mromano/.nvm/versions/node/v4.4.3/bin/npm',
1 verbose cli   'install',
1 verbose cli   '-g',
1 verbose cli   'n' ]
2 info using npm@2.15.1
3 info using node@v4.4.3
4 verbose install initial load of /Users/mromano/.nvm/versions/node/v4.4.3/lib/package.json
5 verbose readDependencies loading dependencies from /Users/mromano/.nvm/versions/node/v4.4.3/lib/package.json
6 silly cache add args [ 'n', null ]
7 verbose cache add spec n
8 silly cache add parsed spec Result {
8 silly cache add   raw: 'n',
8 silly cache add   scope: null,
8 silly cache add   name: 'n',
8 silly cache add   rawSpec: '',
8 silly cache add   spec: 'latest',
8 silly cache add   type: 'tag' }
9 silly addNamed n@latest
10 verbose addNamed "latest" is being treated as a dist-tag for n
11 info addNameTag [ 'n', 'latest' ]
12 silly mapToRegistry name n
13 silly mapToRegistry using default registry
14 silly mapToRegistry registry https://registry.npmjs.org/
15 silly mapToRegistry data Result {
15 silly mapToRegistry   raw: 'n',
15 silly mapToRegistry   scope: null,
15 silly mapToRegistry   name: 'n',
15 silly mapToRegistry   rawSpec: '',
15 silly mapToRegistry   spec: 'latest',
15 silly mapToRegistry   type: 'tag' }
16 silly mapToRegistry uri https://registry.npmjs.org/n
17 verbose addNameTag registry:https://registry.npmjs.org/n not in flight; fetching
18 verbose request uri https://registry.npmjs.org/n
19 verbose request no auth needed
20 info attempt registry request try #1 at 11:33:45 AM
21 verbose request id 2df9d6e479e3303b
22 http request GET https://registry.npmjs.org/n
23 http 200 https://registry.npmjs.org/n
24 verbose headers { server: 'nginx/1.10.1',
24 verbose headers   'content-type': 'application/json',
24 verbose headers   'last-modified': 'Wed, 22 Nov 2017 00:58:10 GMT',
24 verbose headers   etag: 'W/"5a14cba2-116e8"',
24 verbose headers   'content-encoding': 'gzip',
24 verbose headers   'cache-control': 'max-age=300',
24 verbose headers   'content-length': '11815',
24 verbose headers   'accept-ranges': 'bytes',
24 verbose headers   date: 'Sat, 25 Nov 2017 11:33:45 GMT',
24 verbose headers   via: '1.1 varnish',
24 verbose headers   age: '0',
24 verbose headers   connection: 'keep-alive',
24 verbose headers   'x-served-by': 'cache-lhr6335-LHR',
24 verbose headers   'x-cache': 'HIT',
24 verbose headers   'x-cache-hits': '1',
24 verbose headers   'x-timer': 'S1511609625.086213,VS0,VE18',
24 verbose headers   vary: 'Accept-Encoding, Accept' }
25 silly get cb [ 200,
25 silly get   { server: 'nginx/1.10.1',
25 silly get     'content-type': 'application/json',
25 silly get     'last-modified': 'Wed, 22 Nov 2017 00:58:10 GMT',
25 silly get     etag: 'W/"5a14cba2-116e8"',
25 silly get     'content-encoding': 'gzip',
25 silly get     'cache-control': 'max-age=300',
25 silly get     'content-length': '11815',
25 silly get     'accept-ranges': 'bytes',
25 silly get     date: 'Sat, 25 Nov 2017 11:33:45 GMT',
25 silly get     via: '1.1 varnish',
25 silly get     age: '0',
25 silly get     connection: 'keep-alive',
25 silly get     'x-served-by': 'cache-lhr6335-LHR',
25 silly get     'x-cache': 'HIT',
25 silly get     'x-cache-hits': '1',
25 silly get     'x-timer': 'S1511609625.086213,VS0,VE18',
25 silly get     vary: 'Accept-Encoding, Accept' } ]
26 verbose get saving n to /Users/magemello/.npm/registry.npmjs.org/n/.cache.json
27 verbose correctMkdir /Users/magemello/.npm correctMkdir not in flight; initializing
28 verbose makeDirectory /Users/magemello/.npm creation not in flight; initializing
29 silly makeDirectory /Users/magemello/.npm uid: 503 gid: 20
30 silly addNameTag next cb for n with tag latest
31 silly addNamed n@2.1.8
32 verbose addNamed "2.1.8" is a plain semver version for n
33 silly mapToRegistry name n
34 silly mapToRegistry using default registry
35 silly mapToRegistry registry https://registry.npmjs.org/
36 silly mapToRegistry data Result {
36 silly mapToRegistry   raw: 'n',
36 silly mapToRegistry   scope: null,
36 silly mapToRegistry   name: 'n',
36 silly mapToRegistry   rawSpec: '',
36 silly mapToRegistry   spec: 'latest',
36 silly mapToRegistry   type: 'tag' }
37 silly mapToRegistry uri https://registry.npmjs.org/n
38 verbose addRemoteTarball https://registry.npmjs.org/n/-/n-2.1.8.tgz not in flight; adding
39 verbose addRemoteTarball [ 'https://registry.npmjs.org/n/-/n-2.1.8.tgz',
39 verbose addRemoteTarball   '9b770f6ae0a93c49c64fb614625a63cc5a22d1fd' ]
40 info retry fetch attempt 1 at 11:33:45 AM
41 info attempt registry request try #1 at 11:33:45 AM
42 http fetch GET https://registry.npmjs.org/n/-/n-2.1.8.tgz
43 http fetch 200 https://registry.npmjs.org/n/-/n-2.1.8.tgz
44 silly fetchAndShaCheck shasum 9b770f6ae0a93c49c64fb614625a63cc5a22d1fd
45 verbose addTmpTarball /tmp/npm-18976-027e6843/registry.npmjs.org/n/-/n-2.1.8.tgz not in flight; adding
46 verbose addTmpTarball already have metadata; skipping unpack for n@2.1.8
47 verbose correctMkdir /Users/magemello/.npm correctMkdir not in flight; initializing
48 silly cache afterAdd n@2.1.8
49 verbose afterAdd /Users/magemello/.npm/n/2.1.8/package/package.json not in flight; writing
50 verbose correctMkdir /Users/magemello/.npm correctMkdir not in flight; initializing
51 verbose afterAdd /Users/magemello/.npm/n/2.1.8/package/package.json written
52 silly install resolved [ { name: 'n',
52 silly install resolved     description: 'Interactively Manage All Your Node Versions',
52 silly install resolved     version: '2.1.8',
52 silly install resolved     author: { name: 'TJ Holowaychuk', email: 'tj@vision-media.ca' },
52 silly install resolved     homepage: 'https://github.com/tj/n',
52 silly install resolved     bugs: { url: 'https://github.com/tj/n/issues' },
52 silly install resolved     contributors: [ [Object], [Object], [Object] ],
52 silly install resolved     keywords:
52 silly install resolved      [ 'nvm',
52 silly install resolved        'node',
52 silly install resolved        'version',
52 silly install resolved        'manager',
52 silly install resolved        'switcher',
52 silly install resolved        'node',
52 silly install resolved        'binary',
52 silly install resolved        'env' ],
52 silly install resolved     bin: { n: './bin/n' },
52 silly install resolved     repository: { type: 'git', url: 'git://github.com/tj/n.git' },
52 silly install resolved     preferGlobal: true,
52 silly install resolved     os: [ '!win32' ],
52 silly install resolved     engines: { node: '*' },
52 silly install resolved     license: 'MIT',
52 silly install resolved     gitHead: '14ab6ff01f3b673e2e29f465a00e0b29643bb8d9',
52 silly install resolved     _id: 'n@2.1.8',
52 silly install resolved     _npmVersion: '5.0.3',
52 silly install resolved     _nodeVersion: '8.1.2',
52 silly install resolved     _npmUser: { name: 'troy0820', email: 'troy0820@gmail.com' },
52 silly install resolved     dist:
52 silly install resolved      { integrity: 'sha512-VN3To6jBHSdTHmv+fT00V1nBdj3MWdcOlEKBEaUtXKRqQhuN289B9Jym9P/L3rXfafAsapmh4Fcr/DUR8DGJVg==',
52 silly install resolved        shasum: '9b770f6ae0a93c49c64fb614625a63cc5a22d1fd',
52 silly install resolved        tarball: 'https://registry.npmjs.org/n/-/n-2.1.8.tgz' },
52 silly install resolved     maintainers: [ [Object], [Object], [Object], [Object], [Object], [Object] ],
52 silly install resolved     _npmOperationalInternal:
52 silly install resolved      { host: 's3://npm-registry-packages',
52 silly install resolved        tmp: 'tmp/n-2.1.8.tgz_1498880450388_0.9696143395267427' },
52 silly install resolved     directories: {},
52 silly install resolved     _shasum: '9b770f6ae0a93c49c64fb614625a63cc5a22d1fd',
52 silly install resolved     _resolved: 'https://registry.npmjs.org/n/-/n-2.1.8.tgz',
52 silly install resolved     _from: 'n@latest' } ]
53 info install n@2.1.8 into /Users/mromano/.nvm/versions/node/v4.4.3/lib
54 info installOne n@2.1.8
55 verbose installOne of n to /Users/mromano/.nvm/versions/node/v4.4.3/lib not in flight; installing
56 verbose correctMkdir /Users/magemello/.npm/_locks correctMkdir not in flight; initializing
57 verbose makeDirectory /Users/magemello/.npm/_locks creation not in flight; initializing
58 silly makeDirectory /Users/magemello/.npm/_locks uid: 503 gid: 20
59 verbose lock using /Users/magemello/.npm/_locks/n-494dc089f9bcc681.lock for /Users/mromano/.nvm/versions/node/v4.4.3/lib/node_modules/n
60 silly install write writing n 2.1.8 to /Users/mromano/.nvm/versions/node/v4.4.3/lib/node_modules/n
61 verbose unbuild lib/node_modules/n
62 silly gentlyRm /Users/mromano/.nvm/versions/node/v4.4.3/lib/node_modules/n is being purged from base /Users/mromano/.nvm/versions/node/v4.4.3
63 verbose gentlyRm don't care about contents; nuking /Users/mromano/.nvm/versions/node/v4.4.3/lib/node_modules/n
64 verbose tar unpack /Users/magemello/.npm/n/2.1.8/package.tgz
65 verbose tar unpacking to /Users/mromano/.nvm/versions/node/v4.4.3/lib/node_modules/n
66 silly gentlyRm /Users/mromano/.nvm/versions/node/v4.4.3/lib/node_modules/n is being purged
67 verbose gentlyRm don't care about contents; nuking /Users/mromano/.nvm/versions/node/v4.4.3/lib/node_modules/n
68 silly gunzTarPerm modes [ '755', '644' ]
69 error tar.unpack untar error /Users/magemello/.npm/n/2.1.8/package.tgz
70 verbose unlock done using /Users/magemello/.npm/_locks/n-494dc089f9bcc681.lock for /Users/mromano/.nvm/versions/node/v4.4.3/lib/node_modules/n
71 verbose fstream_path /Users/mromano/.nvm/versions/node/v4.4.3/lib/node_modules/n
72 verbose fstream_type Directory
73 verbose fstream_class DirWriter
74 verbose stack Error: EACCES: permission denied, mkdir '/Users/mromano/.nvm/versions/node/v4.4.3/lib/node_modules/n'
74 verbose stack     at Error (native)
75 verbose fstream_stack /Users/mromano/.nvm/versions/node/v4.4.3/lib/node_modules/npm/node_modules/fstream/lib/dir-writer.js:35:25
75 verbose fstream_stack /Users/mromano/.nvm/versions/node/v4.4.3/lib/node_modules/npm/node_modules/mkdirp/index.js:47:53
75 verbose fstream_stack FSReqWrap.oncomplete (fs.js:82:15)
76 verbose cwd /Users/magemello/dev/frontend
77 error Darwin 14.3.0
78 error argv "/Users/mromano/.nvm/versions/node/v4.4.3/bin/node" "/Users/mromano/.nvm/versions/node/v4.4.3/bin/npm" "install" "-g" "n"
79 error node v4.4.3
80 error npm  v2.15.1
81 error path /Users/mromano/.nvm/versions/node/v4.4.3/lib/node_modules/n
82 error code EACCES
83 error errno -13
84 error syscall mkdir
85 error Error: EACCES: permission denied, mkdir '/Users/mromano/.nvm/versions/node/v4.4.3/lib/node_modules/n'
85 error     at Error (native)
85 error  { [Error: EACCES: permission denied, mkdir '/Users/mromano/.nvm/versions/node/v4.4.3/lib/node_modules/n']
85 error   errno: -13,
85 error   code: 'EACCES',
85 error   syscall: 'mkdir',
85 error   path: '/Users/mromano/.nvm/versions/node/v4.4.3/lib/node_modules/n',
85 error   fstream_type: 'Directory',
85 error   fstream_path: '/Users/mromano/.nvm/versions/node/v4.4.3/lib/node_modules/n',
85 error   fstream_class: 'DirWriter',
85 error   fstream_stack:
85 error    [ '/Users/mromano/.nvm/versions/node/v4.4.3/lib/node_modules/npm/node_modules/fstream/lib/dir-writer.js:35:25',
85 error      '/Users/mromano/.nvm/versions/node/v4.4.3/lib/node_modules/npm/node_modules/mkdirp/index.js:47:53',
85 error      'FSReqWrap.oncomplete (fs.js:82:15)' ] }
86 error Please try running this command again as root/Administrator.
87 verbose exit [ -13, true ]
88 verbose unbuild lib/node_modules/n
89 silly gentlyRm /Users/mromano/.nvm/versions/node/v4.4.3/lib/node_modules/n is being purged from base /Users/mromano/.nvm/versions/node/v4.4.3
90 verbose gentlyRm don't care about contents; nuking /Users/mromano/.nvm/versions/node/v4.4.3/lib/node_modules/n
